 %% PLEASE DO NOT MODIFY OR DELETE THIS FILE! %% 
 %% This file contains information about the installation of an application. %% 
 %% It will be used to automatically remove all application components from your computer if you choose to do so. %% 


NOTE: Beginning of the bootstrapper section

CONFIG: Title: "3DOBuilder+"

ACTION: RegKey: "HKEY_LOCAL_MACHINE\SOFTWARE\Microsoft\Windows\CurrentVersion", "SharedDLLs"

ACTION: SystemFile: "C:\WINDOWS\system32\VB6STKIT.DLL"
(File was not found or was an older version -- new file copied)

ACTION: SystemFile: "C:\WINDOWS\system32\COMCAT.DLL"
(File currently on disk was already up to date)

ACTION: SystemFile: "C:\WINDOWS\system32\STDOLE2.TLB"
(File currently on disk was already up to date)

ACTION: SystemFile: "C:\WINDOWS\system32\ASYCFILT.DLL"
(File currently on disk was already up to date)

ACTION: SystemFile: "C:\WINDOWS\system32\OLEPRO32.DLL"
(File currently on disk was already up to date)

ACTION: SystemFile: "C:\WINDOWS\system32\OLEAUT32.DLL"
(File currently on disk was already up to date)

ACTION: SystemFile: "C:\WINDOWS\system32\MSVBVM60.DLL"
(File currently on disk was already up to date)

ACTION: DllSelfRegister: "C:\WINDOWS\SYSTEM32\COMCAT.DLL"

ACTION: TLBRegister: "C:\WINDOWS\SYSTEM32\STDOLE2.TLB"

ACTION: DllSelfRegister: "C:\WINDOWS\SYSTEM32\OLEPRO32.DLL"

ACTION: DllSelfRegister: "C:\WINDOWS\SYSTEM32\OLEAUT32.DLL"

ACTION: DllSelfRegister: "C:\WINDOWS\SYSTEM32\MSVBVM60.DLL"

NOTE: End of the bootstrapper section

NOTE: Now spawning the main Setup program 'Setup1.exe'....

ACTION: CreateDir: "C:\Program Files\3DOBuilder+"

ACTION: CreateDir: "C:\Documents and Settings\Albert\Start Menu\Programs\3DOBuilder+"

ACTION: PrivateFile: "C:\Program Files\3DOBuilder+\TApalette.dat"
(File was not found or was an older version -- new file copied)

ACTION: PrivateFile: "C:\Program Files\3DOBuilder+\TAKpalette.dat"
(File was not found or was an older version -- new file copied)

ACTION: PrivateFile: "C:\Program Files\3DOBuilder+\Tutorial.doc"
(File was not found or was an older version -- new file copied)

ACTION: PrivateFile: "C:\Program Files\3DOBuilder+\TAK compatibility.txt"
(File was not found or was an older version -- new file copied)

ACTION: PrivateFile: "C:\Program Files\3DOBuilder+\tips.txt"
(File was not found or was an older version -- new file copied)

ACTION: PrivateFile: "C:\Program Files\3DOBuilder+\readme.txt"
(File was not found or was an older version -- new file copied)

ACTION: PrivateFile: "C:\Program Files\3DOBuilder+\Desert2.bmp"
(File was not found or was an older version -- new file copied)

ACTION: PrivateFile: "C:\Program Files\3DOBuilder+\cube.lwo"
(File was not found or was an older version -- new file copied)

ACTION: PrivateFile: "C:\Program Files\3DOBuilder+\cor3doBuilderUnit.cob"
(File was not found or was an older version -- new file copied)

ACTION: PrivateFile: "C:\Program Files\3DOBuilder+\arm3doBuilderUnit.cob"
(File was not found or was an older version -- new file copied)

ACTION: PrivateFile: "C:\Program Files\3DOBuilder+\arm3doBuilderUnit.fbi"
(File was not found or was an older version -- new file copied)

ACTION: PrivateFile: "C:\Program Files\3DOBuilder+\cor3doBuilderUnit.fbi"
(File was not found or was an older version -- new file copied)

ACTION: PrivateFile: "C:\Program Files\3DOBuilder+\unitview.hpi"
(File was not found or was an older version -- new file copied)

ACTION: PrivateFile: "C:\Program Files\3DOBuilder+\UNITVIEW.EXE"
(File was not found or was an older version -- new file copied)

ACTION: SharedFile: "C:\WINDOWS\system32\COMCT232.OCX"
(File was not found or was an older version -- new file copied)

ACTION: SharedFile: "C:\WINDOWS\system32\COMCTL32.OCX"
(File currently on disk was already up to date)

ACTION: SharedFile: "C:\WINDOWS\system32\COMDLG32.OCX"
(File was not found or was an older version -- new file copied)

ACTION: SharedFile: "C:\WINDOWS\system32\vbogl.tlb"
(File was not found or was an older version -- new file copied)

ACTION: PrivateFile: "C:\Program Files\3DOBuilder+\annihilator.dll"
(File was not found or was an older version -- new file copied)

ACTION: PrivateFile: "C:\Program Files\3DOBuilder+\HPIUtil.dll"
(File was not found or was an older version -- new file copied)

ACTION: PrivateFile: "C:\Program Files\3DOBuilder+\3DOBuilder.dll"
(File was not found or was an older version -- new file copied)

ACTION: PrivateFile: "C:\Program Files\3DOBuilder+\3DOBuilder+.exe"
(File was not found or was an older version -- new file copied)

ACTION: DllSelfRegister: "C:\WINDOWS\system32\COMCT232.OCX"

ACTION: DllSelfRegister: "C:\WINDOWS\system32\COMCTL32.OCX"

ACTION: DllSelfRegister: "C:\WINDOWS\system32\COMDLG32.OCX"

ACTION: TLBRegister: "C:\WINDOWS\system32\vbogl.tlb"

ACTION: ShellLink: "3DOBuilder+", "3DOBuilder+"

ACTION: ShellLink: "3DOBuilder+", "Read Me"

ACTION: ShellLink: "3DOBuilder+", "TA Kingdoms Compatibility"

ACTION: ShellLink: "3DOBuilder+", "Unit Viewer"

ACTION: RegKey: "HKEY_LOCAL_MACHINE\SOFTWARE\Microsoft\Windows\CurrentVersion", "App Paths\3DOBuilder+.exe"

ACTION: RegValue: "HKEY_LOCAL_MACHINE\SOFTWARE\Microsoft\Windows\CurrentVersion\App Paths\3DOBuilder+.exe", ""

